<?xml version="1.0" encoding="UTF-8"?>
<testng-results ignored="0" total="1" passed="1" failed="0" skipped="0">
  <reporter-output>
  </reporter-output>
  <suite started-at="2026-02-17T12:47:53 IST" name="Default suite" finished-at="2026-02-17T12:48:11 IST" duration-ms="18338">
    <groups>
    </groups>
    <test started-at="2026-02-17T12:47:53 IST" name="Default test" finished-at="2026-02-17T12:48:11 IST" duration-ms="18338">
      <class name="ssss.aa">
        <test-method signature="main()[pri:0, instance:ssss.aa@6302bbb1]" started-at="2026-02-17T12:47:53 IST" name="main" finished-at="2026-02-17T12:48:11 IST" duration-ms="18206" status="PASS">
          <reporter-output>
          </reporter-output>
        </test-method> <!-- main -->
      </class> <!-- ssss.aa -->
    </test> <!-- Default test -->
  </suite> <!-- Default suite -->
</testng-results>
